#-----------------------------------------------------------
# Vivado v2018.3 (64-bit)
# SW Build 2405991 on Thu Dec  6 23:38:27 MST 2018
# IP Build 2404404 on Fri Dec  7 01:43:56 MST 2018
# Start of session at: Thu Nov 28 19:50:50 2024
# Process ID: 22188
# Current directory: C:/Users/air/Desktop/gitFPGA/FPGAproject/project/3_counter
# Command line: vivado.exe -gui_launcher_event rodinguilauncherevent2172 C:\Users\air\Desktop\gitFPGA\FPGAproject\project\3_counter\3_counter.xpr
# Log file: C:/Users/air/Desktop/gitFPGA/FPGAproject/project/3_counter/vivado.log
# Journal file: C:/Users/air/Desktop/gitFPGA/FPGAproject/project/3_counter\vivado.jou
#-----------------------------------------------------------
start_gui
open_project C:/Users/air/Desktop/gitFPGA/FPGAproject/project/3_counter/3_counter.xpr
Scanning sources...
Finished scanning sources
INFO: [IP_Flow 19-234] Refreshing IP repositories
INFO: [IP_Flow 19-1704] No user IP repositories specified
INFO: [IP_Flow 19-2313] Loaded Vivado IP repository 'E:/fpga/Vivado201803/Vivado/2018.3/data/ip'.
update_compile_order -fileset sources_1
exit
INFO: [Common 17-206] Exiting Vivado at Thu Nov 28 19:52:19 2024...
