#-----------------------------------------------------------
# Vivado v2018.3 (64-bit)
# SW Build 2405991 on Thu Dec  6 23:38:27 MST 2018
# IP Build 2404404 on Fri Dec  7 01:43:56 MST 2018
# Start of session at: Thu Nov 28 17:50:33 2024
# Process ID: 8676
# Current directory: C:/Users/air/Desktop/gitFPGA/FPGAproject/project/1_PWM
# Command line: vivado.exe -gui_launcher_event rodinguilauncherevent7840 C:\Users\air\Desktop\gitFPGA\FPGAproject\project\1_PWM\1_PWM.xpr
# Log file: C:/Users/air/Desktop/gitFPGA/FPGAproject/project/1_PWM/vivado.log
# Journal file: C:/Users/air/Desktop/gitFPGA/FPGAproject/project/1_PWM\vivado.jou
#-----------------------------------------------------------
start_gui
open_project C:/Users/air/Desktop/gitFPGA/FPGAproject/project/1_PWM/1_PWM.xpr
Scanning sources...
Finished scanning sources
INFO: [IP_Flow 19-234] Refreshing IP repositories
INFO: [IP_Flow 19-1704] No user IP repositories specified
INFO: [IP_Flow 19-2313] Loaded Vivado IP repository 'E:/fpga/Vivado201803/Vivado/2018.3/data/ip'.
update_compile_order -fileset sources_1
exit
INFO: [Common 17-206] Exiting Vivado at Thu Nov 28 17:52:26 2024...
