#-----------------------------------------------------------
# Vivado v2018.3 (64-bit)
# SW Build 2405991 on Thu Dec  6 23:38:27 MST 2018
# IP Build 2404404 on Fri Dec  7 01:43:56 MST 2018
# Start of session at: Wed Nov 27 14:31:50 2024
# Process ID: 7884
# Current directory: C:/Users/air/Desktop/gitFPGA/FPGAproject/project/1_PWM
# Command line: vivado.exe -gui_launcher_event rodinguilauncherevent1836 C:\Users\air\Desktop\gitFPGA\FPGAproject\project\1_PWM\1_PWM.xpr
# Log file: C:/Users/air/Desktop/gitFPGA/FPGAproject/project/1_PWM/vivado.log
# Journal file: C:/Users/air/Desktop/gitFPGA/FPGAproject/project/1_PWM\vivado.jou
#-----------------------------------------------------------
start_gui
open_project C:/Users/air/Desktop/gitFPGA/FPGAproject/project/1_PWM/1_PWM.xpr
INFO: [Project 1-313] Project file moved from 'C:/Users/air/Desktop/gitFPGA/project/1_PWM' since last save.
Scanning sources...
Finished scanning sources
INFO: [IP_Flow 19-234] Refreshing IP repositories
INFO: [IP_Flow 19-1704] No user IP repositories specified
INFO: [IP_Flow 19-2313] Loaded Vivado IP repository 'E:/fpga/Vivado201803/Vivado/2018.3/data/ip'.
open_project: Time (s): cpu = 00:00:04 ; elapsed = 00:00:06 . Memory (MB): peak = 777.562 ; gain = 139.184
update_compile_order -fileset sources_1
reset_run synth_1
launch_runs synth_1 -jobs 16
[Wed Nov 27 14:42:26 2024] Launched synth_1...
Run output will be captured here: C:/Users/air/Desktop/gitFPGA/FPGAproject/project/1_PWM/1_PWM.runs/synth_1/runme.log
launch_runs impl_1 -jobs 16
[Wed Nov 27 14:42:48 2024] Launched impl_1...
Run output will be captured here: C:/Users/air/Desktop/gitFPGA/FPGAproject/project/1_PWM/1_PWM.runs/impl_1/runme.log
launch_simulation
INFO: [Vivado 12-5682] Launching behavioral simulation in 'C:/Users/air/Desktop/gitFPGA/FPGAproject/project/1_PWM/1_PWM.sim/sim_1/behav/xsim'
INFO: [SIM-utils-51] Simulation object is 'sim_1'
INFO: [SIM-utils-54] Inspecting design source files for 'pwm_tb' in fileset 'sim_1'...
INFO: [USF-XSim-97] Finding global include files...
INFO: [USF-XSim-98] Fetching design files from 'sim_1'...
INFO: [USF-XSim-2] XSim::Compile design
INFO: [USF-XSim-61] Executing 'COMPILE and ANALYZE' step in 'C:/Users/air/Desktop/gitFPGA/FPGAproject/project/1_PWM/1_PWM.sim/sim_1/behav/xsim'
"xvlog --incr --relax -prj pwm_tb_vlog.prj"
INFO: [VRFC 10-2263] Analyzing Verilog file "C:/Users/air/Desktop/gitFPGA/FPGAproject/project/1_PWM/1_PWM.srcs/sources_1/new/pwm.v" into library xil_defaultlib
INFO: [VRFC 10-311] analyzing module pwm
INFO: [VRFC 10-2263] Analyzing Verilog file "C:/Users/air/Desktop/gitFPGA/FPGAproject/project/1_PWM/1_PWM.srcs/sim_1/new/pwm_tb.v" into library xil_defaultlib
INFO: [VRFC 10-311] analyzing module pwm_tb
INFO: [VRFC 10-2263] Analyzing Verilog file "C:/Users/air/Desktop/gitFPGA/FPGAproject/project/1_PWM/1_PWM.sim/sim_1/behav/xsim/glbl.v" into library xil_defaultlib
INFO: [VRFC 10-311] analyzing module glbl
INFO: [USF-XSim-69] 'compile' step finished in '1' seconds
INFO: [USF-XSim-3] XSim::Elaborate design
INFO: [USF-XSim-61] Executing 'ELABORATE' step in 'C:/Users/air/Desktop/gitFPGA/FPGAproject/project/1_PWM/1_PWM.sim/sim_1/behav/xsim'
Vivado Simulator 2018.3
Copyright 1986-1999, 2001-2018 Xilinx, Inc. All Rights Reserved.
Running: E:/fpga/Vivado201803/Vivado/2018.3/bin/unwrapped/win64.o/xelab.exe -wto d3a816b2e7ea42f8a39f983d745797ce --incr --debug typical --relax --mt 2 -L xil_defaultlib -L unisims_ver -L unimacro_ver -L secureip --snapshot pwm_tb_behav xil_defaultlib.pwm_tb xil_defaultlib.glbl -log elaborate.log 
Using 2 slave threads.
Starting static elaboration
WARNING: [VRFC 10-3633] port 'en' is already connected [C:/Users/air/Desktop/gitFPGA/FPGAproject/project/1_PWM/1_PWM.srcs/sim_1/new/pwm_tb.v:8]
ERROR: [VRFC 10-3633] port 'en' is already connected [C:/Users/air/Desktop/gitFPGA/FPGAproject/project/1_PWM/1_PWM.srcs/sim_1/new/pwm_tb.v:13]
ERROR: [XSIM 43-3322] Static elaboration of top level Verilog design unit(s) in library work failed.
INFO: [USF-XSim-69] 'elaborate' step finished in '1' seconds
INFO: [USF-XSim-99] Step results log file:'C:/Users/air/Desktop/gitFPGA/FPGAproject/project/1_PWM/1_PWM.sim/sim_1/behav/xsim/elaborate.log'
ERROR: [USF-XSim-62] 'elaborate' step failed with error(s). Please check the Tcl console output or 'C:/Users/air/Desktop/gitFPGA/FPGAproject/project/1_PWM/1_PWM.sim/sim_1/behav/xsim/elaborate.log' file for more information.
ERROR: [Vivado 12-4473] Detected error while running simulation. Please correct the issue and retry this operation.
ERROR: [Common 17-39] 'launch_simulation' failed due to earlier errors.
launch_simulation
INFO: [Vivado 12-5682] Launching behavioral simulation in 'C:/Users/air/Desktop/gitFPGA/FPGAproject/project/1_PWM/1_PWM.sim/sim_1/behav/xsim'
INFO: [SIM-utils-51] Simulation object is 'sim_1'
INFO: [SIM-utils-54] Inspecting design source files for 'pwm_tb' in fileset 'sim_1'...
INFO: [USF-XSim-97] Finding global include files...
INFO: [USF-XSim-98] Fetching design files from 'sim_1'...
INFO: [USF-XSim-2] XSim::Compile design
INFO: [USF-XSim-61] Executing 'COMPILE and ANALYZE' step in 'C:/Users/air/Desktop/gitFPGA/FPGAproject/project/1_PWM/1_PWM.sim/sim_1/behav/xsim'
"xvlog --incr --relax -prj pwm_tb_vlog.prj"
INFO: [VRFC 10-2263] Analyzing Verilog file "C:/Users/air/Desktop/gitFPGA/FPGAproject/project/1_PWM/1_PWM.srcs/sources_1/new/pwm.v" into library xil_defaultlib
INFO: [VRFC 10-311] analyzing module pwm
INFO: [VRFC 10-2263] Analyzing Verilog file "C:/Users/air/Desktop/gitFPGA/FPGAproject/project/1_PWM/1_PWM.srcs/sim_1/new/pwm_tb.v" into library xil_defaultlib
INFO: [VRFC 10-311] analyzing module pwm_tb
INFO: [USF-XSim-69] 'compile' step finished in '1' seconds
INFO: [USF-XSim-3] XSim::Elaborate design
INFO: [USF-XSim-61] Executing 'ELABORATE' step in 'C:/Users/air/Desktop/gitFPGA/FPGAproject/project/1_PWM/1_PWM.sim/sim_1/behav/xsim'
Vivado Simulator 2018.3
Copyright 1986-1999, 2001-2018 Xilinx, Inc. All Rights Reserved.
Running: E:/fpga/Vivado201803/Vivado/2018.3/bin/unwrapped/win64.o/xelab.exe -wto d3a816b2e7ea42f8a39f983d745797ce --incr --debug typical --relax --mt 2 -L xil_defaultlib -L unisims_ver -L unimacro_ver -L secureip --snapshot pwm_tb_behav xil_defaultlib.pwm_tb xil_defaultlib.glbl -log elaborate.log 
Using 2 slave threads.
Starting static elaboration
Completed static elaboration
Starting simulation data flow analysis
WARNING: [XSIM 43-4099] "C:/Users/air/Desktop/gitFPGA/FPGAproject/project/1_PWM/1_PWM.srcs/sources_1/new/pwm.v" Line 1. Module pwm doesn't have a timescale but at least one module in design has a timescale.
Completed simulation data flow analysis
Time Resolution for simulation is 1ps
Compiling module xil_defaultlib.pwm
Compiling module xil_defaultlib.pwm_tb
Compiling module xil_defaultlib.glbl
Built simulation snapshot pwm_tb_behav
INFO: [USF-XSim-69] 'elaborate' step finished in '2' seconds
INFO: [USF-XSim-4] XSim::Simulate design
INFO: [USF-XSim-61] Executing 'SIMULATE' step in 'C:/Users/air/Desktop/gitFPGA/FPGAproject/project/1_PWM/1_PWM.sim/sim_1/behav/xsim'
INFO: [USF-XSim-98] *** Running xsim
   with args "pwm_tb_behav -key {Behavioral:sim_1:Functional:pwm_tb} -tclbatch {pwm_tb.tcl} -log {simulate.log}"
INFO: [USF-XSim-8] Loading simulator feature
Vivado Simulator 2018.3
Time resolution is 1 ps
source pwm_tb.tcl
# set curr_wave [current_wave_config]
# if { [string length $curr_wave] == 0 } {
#   if { [llength [get_objects]] > 0} {
#     add_wave /
#     set_property needs_save false [current_wave_config]
#   } else {
#      send_msg_id Add_Wave-1 WARNING "No top level signals found. Simulator will start without a wave window. If you want to open a wave window go to 'File->New Waveform Configuration' or type 'create_wave_config' in the TCL console."
#   }
# }
# run 1000ns
INFO: [USF-XSim-96] XSim completed. Design snapshot 'pwm_tb_behav' loaded.
INFO: [USF-XSim-97] XSim simulation ran for 1000ns
launch_simulation: Time (s): cpu = 00:00:01 ; elapsed = 00:00:06 . Memory (MB): peak = 983.785 ; gain = 137.863
run all
run all
close_sim
INFO: [Simtcl 6-16] Simulation closed
launch_simulation
INFO: [Vivado 12-5682] Launching behavioral simulation in 'C:/Users/air/Desktop/gitFPGA/FPGAproject/project/1_PWM/1_PWM.sim/sim_1/behav/xsim'
INFO: [SIM-utils-51] Simulation object is 'sim_1'
INFO: [SIM-utils-54] Inspecting design source files for 'pwm_tb' in fileset 'sim_1'...
INFO: [USF-XSim-97] Finding global include files...
INFO: [USF-XSim-98] Fetching design files from 'sim_1'...
INFO: [USF-XSim-2] XSim::Compile design
INFO: [USF-XSim-61] Executing 'COMPILE and ANALYZE' step in 'C:/Users/air/Desktop/gitFPGA/FPGAproject/project/1_PWM/1_PWM.sim/sim_1/behav/xsim'
"xvlog --incr --relax -prj pwm_tb_vlog.prj"
INFO: [VRFC 10-2263] Analyzing Verilog file "C:/Users/air/Desktop/gitFPGA/FPGAproject/project/1_PWM/1_PWM.srcs/sources_1/new/pwm.v" into library xil_defaultlib
INFO: [VRFC 10-311] analyzing module pwm
INFO: [VRFC 10-2263] Analyzing Verilog file "C:/Users/air/Desktop/gitFPGA/FPGAproject/project/1_PWM/1_PWM.srcs/sim_1/new/pwm_tb.v" into library xil_defaultlib
INFO: [VRFC 10-311] analyzing module pwm_tb
INFO: [USF-XSim-69] 'compile' step finished in '1' seconds
INFO: [USF-XSim-3] XSim::Elaborate design
INFO: [USF-XSim-61] Executing 'ELABORATE' step in 'C:/Users/air/Desktop/gitFPGA/FPGAproject/project/1_PWM/1_PWM.sim/sim_1/behav/xsim'
Vivado Simulator 2018.3
Copyright 1986-1999, 2001-2018 Xilinx, Inc. All Rights Reserved.
Running: E:/fpga/Vivado201803/Vivado/2018.3/bin/unwrapped/win64.o/xelab.exe -wto d3a816b2e7ea42f8a39f983d745797ce --incr --debug typical --relax --mt 2 -L xil_defaultlib -L unisims_ver -L unimacro_ver -L secureip --snapshot pwm_tb_behav xil_defaultlib.pwm_tb xil_defaultlib.glbl -log elaborate.log 
Using 2 slave threads.
Starting static elaboration
Completed static elaboration
Starting simulation data flow analysis
WARNING: [XSIM 43-4099] "C:/Users/air/Desktop/gitFPGA/FPGAproject/project/1_PWM/1_PWM.srcs/sources_1/new/pwm.v" Line 1. Module pwm doesn't have a timescale but at least one module in design has a timescale.
Completed simulation data flow analysis
Time Resolution for simulation is 1ps
Compiling module xil_defaultlib.pwm
Compiling module xil_defaultlib.pwm_tb
Compiling module xil_defaultlib.glbl
Built simulation snapshot pwm_tb_behav
INFO: [USF-XSim-69] 'elaborate' step finished in '1' seconds
INFO: [USF-XSim-4] XSim::Simulate design
INFO: [USF-XSim-61] Executing 'SIMULATE' step in 'C:/Users/air/Desktop/gitFPGA/FPGAproject/project/1_PWM/1_PWM.sim/sim_1/behav/xsim'
INFO: [USF-XSim-98] *** Running xsim
   with args "pwm_tb_behav -key {Behavioral:sim_1:Functional:pwm_tb} -tclbatch {pwm_tb.tcl} -log {simulate.log}"
INFO: [USF-XSim-8] Loading simulator feature
Vivado Simulator 2018.3
Time resolution is 1 ps
source pwm_tb.tcl
# set curr_wave [current_wave_config]
# if { [string length $curr_wave] == 0 } {
#   if { [llength [get_objects]] > 0} {
#     add_wave /
#     set_property needs_save false [current_wave_config]
#   } else {
#      send_msg_id Add_Wave-1 WARNING "No top level signals found. Simulator will start without a wave window. If you want to open a wave window go to 'File->New Waveform Configuration' or type 'create_wave_config' in the TCL console."
#   }
# }
# run 1000ns
INFO: [USF-XSim-96] XSim completed. Design snapshot 'pwm_tb_behav' loaded.
INFO: [USF-XSim-97] XSim simulation ran for 1000ns
run all
reset_run synth_1
WARNING: [Vivado 12-1017] Problems encountered:
1. Failed to delete one or more files in run directory C:/Users/air/Desktop/gitFPGA/FPGAproject/project/1_PWM/1_PWM.runs/synth_1

launch_runs synth_1 -jobs 16
[Wed Nov 27 14:46:48 2024] Launched synth_1...
Run output will be captured here: C:/Users/air/Desktop/gitFPGA/FPGAproject/project/1_PWM/1_PWM.runs/synth_1/runme.log
reset_run synth_1
WARNING: [Vivado 12-1017] Problems encountered:
1. Failed to delete one or more files in run directory C:/Users/air/Desktop/gitFPGA/FPGAproject/project/1_PWM/1_PWM.runs/synth_1

launch_runs synth_1 -jobs 16
[Wed Nov 27 14:47:28 2024] Launched synth_1...
Run output will be captured here: C:/Users/air/Desktop/gitFPGA/FPGAproject/project/1_PWM/1_PWM.runs/synth_1/runme.log
reset_run synth_1
WARNING: [Vivado 12-1017] Problems encountered:
1. Failed to delete one or more files in run directory C:/Users/air/Desktop/gitFPGA/FPGAproject/project/1_PWM/1_PWM.runs/synth_1

launch_runs synth_1 -jobs 16
[Wed Nov 27 14:48:32 2024] Launched synth_1...
Run output will be captured here: C:/Users/air/Desktop/gitFPGA/FPGAproject/project/1_PWM/1_PWM.runs/synth_1/runme.log
close_sim
INFO: [Simtcl 6-16] Simulation closed
exit
INFO: [Common 17-206] Exiting Vivado at Wed Nov 27 14:49:07 2024...
