#-----------------------------------------------------------
# Vivado v2018.3 (64-bit)
# SW Build 2405991 on Thu Dec  6 23:38:27 MST 2018
# IP Build 2404404 on Fri Dec  7 01:43:56 MST 2018
# Start of session at: Thu Nov 28 18:04:38 2024
# Process ID: 23108
# Current directory: C:/Users/air/Desktop/gitFPGA/FPGAproject/project/3_counter
# Command line: vivado.exe -gui_launcher_event rodinguilauncherevent22352 C:\Users\air\Desktop\gitFPGA\FPGAproject\project\3_counter\3_counter.xpr
# Log file: C:/Users/air/Desktop/gitFPGA/FPGAproject/project/3_counter/vivado.log
# Journal file: C:/Users/air/Desktop/gitFPGA/FPGAproject/project/3_counter\vivado.jou
#-----------------------------------------------------------
start_gui
open_project C:/Users/air/Desktop/gitFPGA/FPGAproject/project/3_counter/3_counter.xpr
Scanning sources...
Finished scanning sources
INFO: [IP_Flow 19-234] Refreshing IP repositories
INFO: [IP_Flow 19-1704] No user IP repositories specified
INFO: [IP_Flow 19-2313] Loaded Vivado IP repository 'E:/fpga/Vivado201803/Vivado/2018.3/data/ip'.
update_compile_order -fileset sources_1
close [ open C:/Users/air/Desktop/gitFPGA/FPGAproject/project/3_counter/3_counter.srcs/sources_1/new/period_counter.v w ]
add_files C:/Users/air/Desktop/gitFPGA/FPGAproject/project/3_counter/3_counter.srcs/sources_1/new/period_counter.v
update_compile_order -fileset sources_1
set_property SOURCE_SET sources_1 [get_filesets sim_1]
close [ open C:/Users/air/Desktop/gitFPGA/FPGAproject/project/3_counter/3_counter.srcs/sim_1/new/period_counter_tb.v w ]
add_files -fileset sim_1 C:/Users/air/Desktop/gitFPGA/FPGAproject/project/3_counter/3_counter.srcs/sim_1/new/period_counter_tb.v
update_compile_order -fileset sim_1
export_ip_user_files -of_objects  [get_files C:/Users/air/Desktop/gitFPGA/FPGAproject/project/3_counter/3_counter.srcs/sim_1/new/period_counter_tb.v] -no_script -reset -force -quiet
remove_files  -fileset sim_1 C:/Users/air/Desktop/gitFPGA/FPGAproject/project/3_counter/3_counter.srcs/sim_1/new/period_counter_tb.v
file delete -force C:/Users/air/Desktop/gitFPGA/FPGAproject/project/3_counter/3_counter.srcs/sim_1/new/period_counter_tb.v
set_property SOURCE_SET sources_1 [get_filesets sim_1]
close [ open C:/Users/air/Desktop/gitFPGA/FPGAproject/project/3_counter/3_counter.srcs/sim_1/new/period_counter_tb.v w ]
add_files -fileset sim_1 C:/Users/air/Desktop/gitFPGA/FPGAproject/project/3_counter/3_counter.srcs/sim_1/new/period_counter_tb.v
update_compile_order -fileset sim_1
WARNING: [filemgmt 56-199] Attempt to get parsing info during refresh. "On-the-fly" syntax checking information may be incorrect. [C:/Users/air/Desktop/gitFPGA/FPGAproject/project/3_counter/3_counter.srcs/sources_1/new/period_counter.v:]
WARNING: [filemgmt 56-199] Attempt to get parsing info during refresh. "On-the-fly" syntax checking information may be incorrect. [C:/Users/air/Desktop/gitFPGA/FPGAproject/project/3_counter/3_counter.srcs/sim_1/new/m_counter_tb.v:]
WARNING: [filemgmt 56-199] Attempt to get parsing info during refresh. "On-the-fly" syntax checking information may be incorrect. [C:/Users/air/Desktop/gitFPGA/FPGAproject/project/3_counter/3_counter.srcs/sim_1/new/period_counter_tb.v:]
ERROR: [Common 17-180] Spawn failed: No error
WARNING: [filemgmt 56-199] Attempt to get parsing info during refresh. "On-the-fly" syntax checking information may be incorrect. [C:/Users/air/Desktop/gitFPGA/FPGAproject/project/3_counter/3_counter.srcs/sim_1/new/m_counter_tb.v:]
WARNING: [filemgmt 56-199] Attempt to get parsing info during refresh. "On-the-fly" syntax checking information may be incorrect. [C:/Users/air/Desktop/gitFPGA/FPGAproject/project/3_counter/3_counter.srcs/sim_1/new/period_counter_tb.v:]
ERROR: [Common 17-180] Spawn failed: No error
WARNING: [filemgmt 56-199] Attempt to get parsing info during refresh. "On-the-fly" syntax checking information may be incorrect. [C:/Users/air/Desktop/gitFPGA/FPGAproject/project/3_counter/3_counter.srcs/sim_1/new/m_counter_tb.v:]
WARNING: [filemgmt 56-199] Attempt to get parsing info during refresh. "On-the-fly" syntax checking information may be incorrect. [C:/Users/air/Desktop/gitFPGA/FPGAproject/project/3_counter/3_counter.srcs/sim_1/new/period_counter_tb.v:]
ERROR: [Common 17-180] Spawn failed: No error
WARNING: [filemgmt 56-199] Attempt to get parsing info during refresh. "On-the-fly" syntax checking information may be incorrect. [C:/Users/air/Desktop/gitFPGA/FPGAproject/project/3_counter/3_counter.srcs/sim_1/new/m_counter_tb.v:]
WARNING: [filemgmt 56-199] Attempt to get parsing info during refresh. "On-the-fly" syntax checking information may be incorrect. [C:/Users/air/Desktop/gitFPGA/FPGAproject/project/3_counter/3_counter.srcs/sim_1/new/period_counter_tb.v:]
ERROR: [Common 17-180] Spawn failed: No error
WARNING: [filemgmt 56-199] Attempt to get parsing info during refresh. "On-the-fly" syntax checking information may be incorrect. [C:/Users/air/Desktop/gitFPGA/FPGAproject/project/3_counter/3_counter.srcs/sim_1/new/m_counter_tb.v:]
WARNING: [filemgmt 56-199] Attempt to get parsing info during refresh. "On-the-fly" syntax checking information may be incorrect. [C:/Users/air/Desktop/gitFPGA/FPGAproject/project/3_counter/3_counter.srcs/sim_1/new/period_counter_tb.v:]
ERROR: [Common 17-180] Spawn failed: No error
WARNING: [filemgmt 56-199] Attempt to get parsing info during refresh. "On-the-fly" syntax checking information may be incorrect. [C:/Users/air/Desktop/gitFPGA/FPGAproject/project/3_counter/3_counter.srcs/sources_1/new/period_counter.v:]
WARNING: [filemgmt 56-199] Attempt to get parsing info during refresh. "On-the-fly" syntax checking information may be incorrect. [C:/Users/air/Desktop/gitFPGA/FPGAproject/project/3_counter/3_counter.srcs/sim_1/new/period_counter_tb.v:]
WARNING: [filemgmt 56-199] Attempt to get parsing info during refresh. "On-the-fly" syntax checking information may be incorrect. [C:/Users/air/Desktop/gitFPGA/FPGAproject/project/3_counter/3_counter.srcs/sources_1/new/period_counter.v:]
WARNING: [filemgmt 56-199] Attempt to get parsing info during refresh. "On-the-fly" syntax checking information may be incorrect. [C:/Users/air/Desktop/gitFPGA/FPGAproject/project/3_counter/3_counter.srcs/sim_1/new/period_counter_tb.v:]
ERROR: [Common 17-180] Spawn failed: No error
WARNING: [filemgmt 56-199] Attempt to get parsing info during refresh. "On-the-fly" syntax checking information may be incorrect. [C:/Users/air/Desktop/gitFPGA/FPGAproject/project/3_counter/3_counter.srcs/sources_1/new/period_counter.v:]
WARNING: [filemgmt 56-199] Attempt to get parsing info during refresh. "On-the-fly" syntax checking information may be incorrect. [C:/Users/air/Desktop/gitFPGA/FPGAproject/project/3_counter/3_counter.srcs/sim_1/new/period_counter_tb.v:]
ERROR: [Common 17-180] Spawn failed: No error
WARNING: [filemgmt 56-199] Attempt to get parsing info during refresh. "On-the-fly" syntax checking information may be incorrect. [C:/Users/air/Desktop/gitFPGA/FPGAproject/project/3_counter/3_counter.srcs/sources_1/new/period_counter.v:]
WARNING: [filemgmt 56-199] Attempt to get parsing info during refresh. "On-the-fly" syntax checking information may be incorrect. [C:/Users/air/Desktop/gitFPGA/FPGAproject/project/3_counter/3_counter.srcs/sim_1/new/period_counter_tb.v:]
ERROR: [Common 17-180] Spawn failed: No error
WARNING: [filemgmt 56-199] Attempt to get parsing info during refresh. "On-the-fly" syntax checking information may be incorrect. [C:/Users/air/Desktop/gitFPGA/FPGAproject/project/3_counter/3_counter.srcs/sources_1/new/period_counter.v:]
WARNING: [filemgmt 56-199] Attempt to get parsing info during refresh. "On-the-fly" syntax checking information may be incorrect. [C:/Users/air/Desktop/gitFPGA/FPGAproject/project/3_counter/3_counter.srcs/sim_1/new/period_counter_tb.v:]
ERROR: [Common 17-180] Spawn failed: No error
WARNING: [filemgmt 56-199] Attempt to get parsing info during refresh. "On-the-fly" syntax checking information may be incorrect. [C:/Users/air/Desktop/gitFPGA/FPGAproject/project/3_counter/3_counter.srcs/sources_1/new/period_counter.v:]
WARNING: [filemgmt 56-199] Attempt to get parsing info during refresh. "On-the-fly" syntax checking information may be incorrect. [C:/Users/air/Desktop/gitFPGA/FPGAproject/project/3_counter/3_counter.srcs/sim_1/new/period_counter_tb.v:]
ERROR: [Common 17-180] Spawn failed: No error
WARNING: [filemgmt 56-199] Attempt to get parsing info during refresh. "On-the-fly" syntax checking information may be incorrect. [C:/Users/air/Desktop/gitFPGA/FPGAproject/project/3_counter/3_counter.srcs/sources_1/new/period_counter.v:]
WARNING: [filemgmt 56-199] Attempt to get parsing info during refresh. "On-the-fly" syntax checking information may be incorrect. [C:/Users/air/Desktop/gitFPGA/FPGAproject/project/3_counter/3_counter.srcs/sim_1/new/period_counter_tb.v:]
WARNING: [filemgmt 56-199] Attempt to get parsing info during refresh. "On-the-fly" syntax checking information may be incorrect. [C:/Users/air/Desktop/gitFPGA/FPGAproject/project/3_counter/3_counter.srcs/sources_1/new/period_counter.v:]
WARNING: [filemgmt 56-199] Attempt to get parsing info during refresh. "On-the-fly" syntax checking information may be incorrect. [C:/Users/air/Desktop/gitFPGA/FPGAproject/project/3_counter/3_counter.srcs/sim_1/new/period_counter_tb.v:]
ERROR: [Common 17-180] Spawn failed: No error
WARNING: [filemgmt 56-199] Attempt to get parsing info during refresh. "On-the-fly" syntax checking information may be incorrect. [C:/Users/air/Desktop/gitFPGA/FPGAproject/project/3_counter/3_counter.srcs/sources_1/new/period_counter.v:]
WARNING: [filemgmt 56-199] Attempt to get parsing info during refresh. "On-the-fly" syntax checking information may be incorrect. [C:/Users/air/Desktop/gitFPGA/FPGAproject/project/3_counter/3_counter.srcs/sim_1/new/period_counter_tb.v:]
ERROR: [Common 17-180] Spawn failed: No error
WARNING: [filemgmt 56-199] Attempt to get parsing info during refresh. "On-the-fly" syntax checking information may be incorrect. [C:/Users/air/Desktop/gitFPGA/FPGAproject/project/3_counter/3_counter.srcs/sources_1/new/period_counter.v:]
WARNING: [filemgmt 56-199] Attempt to get parsing info during refresh. "On-the-fly" syntax checking information may be incorrect. [C:/Users/air/Desktop/gitFPGA/FPGAproject/project/3_counter/3_counter.srcs/sim_1/new/period_counter_tb.v:]
ERROR: [Common 17-180] Spawn failed: No error
WARNING: [filemgmt 56-199] Attempt to get parsing info during refresh. "On-the-fly" syntax checking information may be incorrect. [C:/Users/air/Desktop/gitFPGA/FPGAproject/project/3_counter/3_counter.srcs/sources_1/new/period_counter.v:]
WARNING: [filemgmt 56-199] Attempt to get parsing info during refresh. "On-the-fly" syntax checking information may be incorrect. [C:/Users/air/Desktop/gitFPGA/FPGAproject/project/3_counter/3_counter.srcs/sim_1/new/period_counter_tb.v:]
ERROR: [Common 17-180] Spawn failed: No error
WARNING: [filemgmt 56-199] Attempt to get parsing info during refresh. "On-the-fly" syntax checking information may be incorrect. [C:/Users/air/Desktop/gitFPGA/FPGAproject/project/3_counter/3_counter.srcs/sources_1/new/period_counter.v:]
WARNING: [filemgmt 56-199] Attempt to get parsing info during refresh. "On-the-fly" syntax checking information may be incorrect. [C:/Users/air/Desktop/gitFPGA/FPGAproject/project/3_counter/3_counter.srcs/sim_1/new/period_counter_tb.v:]
ERROR: [Common 17-180] Spawn failed: No error
WARNING: [filemgmt 56-199] Attempt to get parsing info during refresh. "On-the-fly" syntax checking information may be incorrect. [C:/Users/air/Desktop/gitFPGA/FPGAproject/project/3_counter/3_counter.srcs/sources_1/new/period_counter.v:]
WARNING: [filemgmt 56-199] Attempt to get parsing info during refresh. "On-the-fly" syntax checking information may be incorrect. [C:/Users/air/Desktop/gitFPGA/FPGAproject/project/3_counter/3_counter.srcs/sim_1/new/period_counter_tb.v:]
ERROR: [Common 17-180] Spawn failed: No error
set_property top period_counter [current_fileset]
update_compile_order -fileset sources_1
reset_run synth_1
launch_runs synth_1 -jobs 16
[Thu Nov 28 18:16:03 2024] Launched synth_1...
Run output will be captured here: C:/Users/air/Desktop/gitFPGA/FPGAproject/project/3_counter/3_counter.runs/synth_1/runme.log
reset_run synth_1
launch_runs synth_1 -jobs 16
[Thu Nov 28 18:17:28 2024] Launched synth_1...
Run output will be captured here: C:/Users/air/Desktop/gitFPGA/FPGAproject/project/3_counter/3_counter.runs/synth_1/runme.log
WARNING: [filemgmt 56-199] Attempt to get parsing info during refresh. "On-the-fly" syntax checking information may be incorrect. [C:/Users/air/Desktop/gitFPGA/FPGAproject/project/3_counter/3_counter.srcs/sim_1/new/period_counter_tb.v:]
ERROR: [Common 17-180] Spawn failed: No error
reset_run synth_1
launch_runs synth_1 -jobs 16
[Thu Nov 28 18:17:53 2024] Launched synth_1...
Run output will be captured here: C:/Users/air/Desktop/gitFPGA/FPGAproject/project/3_counter/3_counter.runs/synth_1/runme.log
export_ip_user_files -of_objects  [get_files C:/Users/air/Desktop/gitFPGA/FPGAproject/project/3_counter/3_counter.srcs/sources_1/new/period_counter.v] -no_script -reset -force -quiet
remove_files  C:/Users/air/Desktop/gitFPGA/FPGAproject/project/3_counter/3_counter.srcs/sources_1/new/period_counter.v
file delete -force C:/Users/air/Desktop/gitFPGA/FPGAproject/project/3_counter/3_counter.srcs/sources_1/new/period_counter.v
update_compile_order -fileset sources_1
set_property top period_counter_tb [get_filesets sim_1]
set_property top_lib xil_defaultlib [get_filesets sim_1]
update_compile_order -fileset sources_1
update_compile_order -fileset sim_1
reset_run synth_1
launch_runs synth_1 -jobs 16
[Thu Nov 28 18:19:07 2024] Launched synth_1...
Run output will be captured here: C:/Users/air/Desktop/gitFPGA/FPGAproject/project/3_counter/3_counter.runs/synth_1/runme.log
close [ open C:/Users/air/Desktop/gitFPGA/FPGAproject/project/3_counter/3_counter.srcs/sources_1/new/period_counter.v w ]
add_files C:/Users/air/Desktop/gitFPGA/FPGAproject/project/3_counter/3_counter.srcs/sources_1/new/period_counter.v
update_compile_order -fileset sources_1
WARNING: [filemgmt 56-199] Attempt to get parsing info during refresh. "On-the-fly" syntax checking information may be incorrect. [C:/Users/air/Desktop/gitFPGA/FPGAproject/project/3_counter/3_counter.srcs/sources_1/new/m_counter.v:]
WARNING: [filemgmt 56-199] Attempt to get parsing info during refresh. "On-the-fly" syntax checking information may be incorrect. [C:/Users/air/Desktop/gitFPGA/FPGAproject/project/3_counter/3_counter.srcs/sources_1/new/period_counter.v:]
WARNING: [filemgmt 56-199] Attempt to get parsing info during refresh. "On-the-fly" syntax checking information may be incorrect. [C:/Users/air/Desktop/gitFPGA/FPGAproject/project/3_counter/3_counter.srcs/sim_1/new/period_counter_tb.v:]
WARNING: [filemgmt 56-199] Attempt to get parsing info during refresh. "On-the-fly" syntax checking information may be incorrect. [C:/Users/air/Desktop/gitFPGA/FPGAproject/project/3_counter/3_counter.srcs/sources_1/new/m_counter.v:]
WARNING: [filemgmt 56-199] Attempt to get parsing info during refresh. "On-the-fly" syntax checking information may be incorrect. [C:/Users/air/Desktop/gitFPGA/FPGAproject/project/3_counter/3_counter.srcs/sources_1/new/period_counter.v:]
WARNING: [filemgmt 56-199] Attempt to get parsing info during refresh. "On-the-fly" syntax checking information may be incorrect. [C:/Users/air/Desktop/gitFPGA/FPGAproject/project/3_counter/3_counter.srcs/sim_1/new/period_counter_tb.v:]
ERROR: [Common 17-180] Spawn failed: No error
WARNING: [filemgmt 56-199] Attempt to get parsing info during refresh. "On-the-fly" syntax checking information may be incorrect. [C:/Users/air/Desktop/gitFPGA/FPGAproject/project/3_counter/3_counter.srcs/sources_1/new/m_counter.v:]
WARNING: [filemgmt 56-199] Attempt to get parsing info during refresh. "On-the-fly" syntax checking information may be incorrect. [C:/Users/air/Desktop/gitFPGA/FPGAproject/project/3_counter/3_counter.srcs/sources_1/new/period_counter.v:]
WARNING: [filemgmt 56-199] Attempt to get parsing info during refresh. "On-the-fly" syntax checking information may be incorrect. [C:/Users/air/Desktop/gitFPGA/FPGAproject/project/3_counter/3_counter.srcs/sim_1/new/period_counter_tb.v:]
ERROR: [Common 17-180] Spawn failed: No error
reset_run synth_1
launch_runs synth_1 -jobs 16
[Thu Nov 28 18:21:47 2024] Launched synth_1...
Run output will be captured here: C:/Users/air/Desktop/gitFPGA/FPGAproject/project/3_counter/3_counter.runs/synth_1/runme.log
exit
INFO: [Common 17-206] Exiting Vivado at Thu Nov 28 18:22:16 2024...
