
*** Running vivado
    with args -log pwm.vds -m64 -product Vivado -mode batch -messageDb vivado.pb -notrace -source pwm.tcl


****** Vivado v2018.3 (64-bit)
  **** SW Build 2405991 on Thu Dec  6 23:38:27 MST 2018
  **** IP Build 2404404 on Fri Dec  7 01:43:56 MST 2018
    ** Copyright 1986-2018 Xilinx, Inc. All Rights Reserved.

source pwm.tcl -notrace
Command: synth_design -top pwm -part xc7a35tfgg484-2
Starting synth_design
Attempting to get a license for feature 'Synthesis' and/or device 'xc7a35t'
INFO: [Common 17-349] Got license for feature 'Synthesis' and/or device 'xc7a35t'
INFO: Launching helper process for spawning children vivado processes
INFO: Helper process launched with PID 17312 
---------------------------------------------------------------------------------
Starting Synthesize : Time (s): cpu = 00:00:01 ; elapsed = 00:00:01 . Memory (MB): peak = 430.305 ; gain = 97.641
---------------------------------------------------------------------------------
INFO: [Synth 8-6157] synthesizing module 'pwm' [C:/Users/air/Desktop/gitFPGA/project/1_PWM/1_PWM.srcs/sources_1/new/pwm.v:1]
	Parameter N bound to: 9 - type: integer 
	Parameter M bound to: 99 - type: integer 
	Parameter duty bound to: 29 - type: integer 
INFO: [Synth 8-6155] done synthesizing module 'pwm' (1#1) [C:/Users/air/Desktop/gitFPGA/project/1_PWM/1_PWM.srcs/sources_1/new/pwm.v:1]
WARNING: [Synth 8-3331] design pwm has unconnected port en
---------------------------------------------------------------------------------
Finished Synthesize : Time (s): cpu = 00:00:01 ; elapsed = 00:00:02 . Memory (MB): peak = 487.129 ; gain = 154.465
---------------------------------------------------------------------------------
---------------------------------------------------------------------------------
Finished Constraint Validation : Time (s): cpu = 00:00:01 ; elapsed = 00:00:02 . Memory (MB): peak = 487.129 ; gain = 154.465
---------------------------------------------------------------------------------
---------------------------------------------------------------------------------
Start Loading Part and Timing Information
---------------------------------------------------------------------------------
Loading part: xc7a35tfgg484-2
---------------------------------------------------------------------------------
Finished Loading Part and Timing Information : Time (s): cpu = 00:00:01 ; elapsed = 00:00:02 . Memory (MB): peak = 487.129 ; gain = 154.465
---------------------------------------------------------------------------------
INFO: [Device 21-403] Loading part xc7a35tfgg484-2
---------------------------------------------------------------------------------
Finished RTL Optimization Phase 2 : Time (s): cpu = 00:00:02 ; elapsed = 00:00:02 . Memory (MB): peak = 487.129 ; gain = 154.465
---------------------------------------------------------------------------------

Report RTL Partitions: 
+-+--------------+------------+----------+
| |RTL Partition |Replication |Instances |
+-+--------------+------------+----------+
+-+--------------+------------+----------+
No constraint files found.
---------------------------------------------------------------------------------
Start RTL Component Statistics 
---------------------------------------------------------------------------------
Detailed RTL Component Info : 
+---Adders : 
	   2 Input     26 Bit       Adders := 2     
+---Registers : 
	               26 Bit    Registers := 2     
	                1 Bit    Registers := 2     
+---Muxes : 
	   2 Input     26 Bit        Muxes := 2     
---------------------------------------------------------------------------------
Finished RTL Component Statistics 
---------------------------------------------------------------------------------
---------------------------------------------------------------------------------
Start RTL Hierarchical Component Statistics 
---------------------------------------------------------------------------------
Hierarchical RTL Component report 
Module pwm 
Detailed RTL Component Info : 
+---Adders : 
	   2 Input     26 Bit       Adders := 2     
+---Registers : 
	               26 Bit    Registers := 2     
	                1 Bit    Registers := 2     
+---Muxes : 
	   2 Input     26 Bit        Muxes := 2     
---------------------------------------------------------------------------------
Finished RTL Hierarchical Component Statistics
---------------------------------------------------------------------------------
---------------------------------------------------------------------------------
Start Part Resource Summary
---------------------------------------------------------------------------------
Part Resources:
DSPs: 90 (col length:60)
BRAMs: 100 (col length: RAMB18 60 RAMB36 30)
---------------------------------------------------------------------------------
Finished Part Resource Summary
---------------------------------------------------------------------------------
No constraint files found.
---------------------------------------------------------------------------------
Start Cross Boundary and Area Optimization
---------------------------------------------------------------------------------
Warning: Parallel synthesis criteria is not met 
WARNING: [Synth 8-3331] design pwm has unconnected port en
---------------------------------------------------------------------------------
Finished Cross Boundary and Area Optimization : Time (s): cpu = 00:00:03 ; elapsed = 00:00:04 . Memory (MB): peak = 628.000 ; gain = 295.336
---------------------------------------------------------------------------------

Report RTL Partitions: 
+-+--------------+------------+----------+
| |RTL Partition |Replication |Instances |
+-+--------------+------------+----------+
+-+--------------+------------+----------+
No constraint files found.
---------------------------------------------------------------------------------
Start Timing Optimization
---------------------------------------------------------------------------------
---------------------------------------------------------------------------------
Finished Timing Optimization : Time (s): cpu = 00:00:03 ; elapsed = 00:00:04 . Memory (MB): peak = 628.000 ; gain = 295.336
---------------------------------------------------------------------------------

Report RTL Partitions: 
+-+--------------+------------+----------+
| |RTL Partition |Replication |Instances |
+-+--------------+------------+----------+
+-+--------------+------------+----------+
---------------------------------------------------------------------------------
Start Technology Mapping
---------------------------------------------------------------------------------
---------------------------------------------------------------------------------
Finished Technology Mapping : Time (s): cpu = 00:00:03 ; elapsed = 00:00:04 . Memory (MB): peak = 628.000 ; gain = 295.336
---------------------------------------------------------------------------------

Report RTL Partitions: 
+-+--------------+------------+----------+
| |RTL Partition |Replication |Instances |
+-+--------------+------------+----------+
+-+--------------+------------+----------+
---------------------------------------------------------------------------------
Start IO Insertion
---------------------------------------------------------------------------------
---------------------------------------------------------------------------------
Start Flattening Before IO Insertion
---------------------------------------------------------------------------------
---------------------------------------------------------------------------------
Finished Flattening Before IO Insertion
---------------------------------------------------------------------------------
---------------------------------------------------------------------------------
Start Final Netlist Cleanup
---------------------------------------------------------------------------------
---------------------------------------------------------------------------------
Finished Final Netlist Cleanup
---------------------------------------------------------------------------------
---------------------------------------------------------------------------------
Finished IO Insertion : Time (s): cpu = 00:00:04 ; elapsed = 00:00:04 . Memory (MB): peak = 628.000 ; gain = 295.336
---------------------------------------------------------------------------------

Report Check Netlist: 
+------+------------------+-------+---------+-------+------------------+
|      |Item              |Errors |Warnings |Status |Description       |
+------+------------------+-------+---------+-------+------------------+
|1     |multi_driven_nets |      0|        0|Passed |Multi driven nets |
+------+------------------+-------+---------+-------+------------------+
---------------------------------------------------------------------------------
Start Renaming Generated Instances
---------------------------------------------------------------------------------
---------------------------------------------------------------------------------
Finished Renaming Generated Instances : Time (s): cpu = 00:00:04 ; elapsed = 00:00:04 . Memory (MB): peak = 628.000 ; gain = 295.336
---------------------------------------------------------------------------------

Report RTL Partitions: 
+-+--------------+------------+----------+
| |RTL Partition |Replication |Instances |
+-+--------------+------------+----------+
+-+--------------+------------+----------+
---------------------------------------------------------------------------------
Start Rebuilding User Hierarchy
---------------------------------------------------------------------------------
---------------------------------------------------------------------------------
Finished Rebuilding User Hierarchy : Time (s): cpu = 00:00:04 ; elapsed = 00:00:04 . Memory (MB): peak = 628.000 ; gain = 295.336
---------------------------------------------------------------------------------
---------------------------------------------------------------------------------
Start Renaming Generated Ports
---------------------------------------------------------------------------------
---------------------------------------------------------------------------------
Finished Renaming Generated Ports : Time (s): cpu = 00:00:04 ; elapsed = 00:00:04 . Memory (MB): peak = 628.000 ; gain = 295.336
---------------------------------------------------------------------------------
---------------------------------------------------------------------------------
Start Handling Custom Attributes
---------------------------------------------------------------------------------
---------------------------------------------------------------------------------
Finished Handling Custom Attributes : Time (s): cpu = 00:00:04 ; elapsed = 00:00:04 . Memory (MB): peak = 628.000 ; gain = 295.336
---------------------------------------------------------------------------------
---------------------------------------------------------------------------------
Start Renaming Generated Nets
---------------------------------------------------------------------------------
---------------------------------------------------------------------------------
Finished Renaming Generated Nets : Time (s): cpu = 00:00:04 ; elapsed = 00:00:04 . Memory (MB): peak = 628.000 ; gain = 295.336
---------------------------------------------------------------------------------
---------------------------------------------------------------------------------
Start Writing Synthesis Report
---------------------------------------------------------------------------------

Report BlackBoxes: 
+-+--------------+----------+
| |BlackBox name |Instances |
+-+--------------+----------+
+-+--------------+----------+

Report Cell Usage: 
+------+-------+------+
|      |Cell   |Count |
+------+-------+------+
|1     |BUFG   |     1|
|2     |CARRY4 |    14|
|3     |LUT1   |     3|
|4     |LUT2   |     1|
|5     |LUT3   |    27|
|6     |LUT4   |    10|
|7     |LUT5   |    27|
|8     |LUT6   |     3|
|9     |FDCE   |    54|
|10    |IBUF   |     2|
|11    |OBUF   |     1|
+------+-------+------+

Report Instance Areas: 
+------+---------+-------+------+
|      |Instance |Module |Cells |
+------+---------+-------+------+
|1     |top      |       |   143|
+------+---------+-------+------+
---------------------------------------------------------------------------------
Finished Writing Synthesis Report : Time (s): cpu = 00:00:04 ; elapsed = 00:00:04 . Memory (MB): peak = 628.000 ; gain = 295.336
---------------------------------------------------------------------------------
Synthesis finished with 0 errors, 0 critical warnings and 2 warnings.
Synthesis Optimization Runtime : Time (s): cpu = 00:00:04 ; elapsed = 00:00:04 . Memory (MB): peak = 628.000 ; gain = 295.336
Synthesis Optimization Complete : Time (s): cpu = 00:00:04 ; elapsed = 00:00:04 . Memory (MB): peak = 628.000 ; gain = 295.336
INFO: [Project 1-571] Translating synthesized netlist
INFO: [Netlist 29-17] Analyzing 14 Unisim elements for replacement
INFO: [Netlist 29-28] Unisim Transformation completed in 0 CPU seconds
INFO: [Project 1-570] Preparing netlist for logic optimization
INFO: [Opt 31-138] Pushed 0 inverter(s) to 0 load pin(s).
Netlist sorting complete. Time (s): cpu = 00:00:00 ; elapsed = 00:00:00 . Memory (MB): peak = 728.562 ; gain = 0.000
INFO: [Project 1-111] Unisim Transformation Summary:
No Unisim elements were transformed.

INFO: [Common 17-83] Releasing license: Synthesis
11 Infos, 2 Warnings, 0 Critical Warnings and 0 Errors encountered.
synth_design completed successfully
synth_design: Time (s): cpu = 00:00:06 ; elapsed = 00:00:08 . Memory (MB): peak = 728.562 ; gain = 408.957
Netlist sorting complete. Time (s): cpu = 00:00:00 ; elapsed = 00:00:00 . Memory (MB): peak = 728.562 ; gain = 0.000
WARNING: [Constraints 18-5210] No constraints selected for write.
Resolution: This message can indicate that there are no constraints for the design, or it can indicate that the used_in flags are set such that the constraints are ignored. This later case is used when running synth_design to not write synthesis constraints to the resulting checkpoint. Instead, project constraints are read when the synthesized design is opened.
INFO: [Common 17-1381] The checkpoint 'C:/Users/air/Desktop/gitFPGA/project/1_PWM/1_PWM.runs/synth_1/pwm.dcp' has been generated.
INFO: [runtcl-4] Executing : report_utilization -file pwm_utilization_synth.rpt -pb pwm_utilization_synth.pb
INFO: [Common 17-206] Exiting Vivado at Wed Nov 27 11:11:14 2024...
